[35m[1mConsolidate compiler generated dependencies of target my_oop_node[0m
[35m[1mConsolidate compiler generated dependencies of target my_node[0m
[ 50%] [32mBuilding CXX object CMakeFiles/my_oop_node.dir/src/my_oop_node.cpp.o[0m
[ 75%] Built target my_node
[01m[K/home/furkan/tutorial/ros2/src/cpp_node/src/my_oop_node.cpp:[m[K In constructor â€˜[01m[KMyNode::MyNode()[m[Kâ€™:
[01m[K/home/furkan/tutorial/ros2/src/cpp_node/src/my_oop_node.cpp:10:18:[m[K [01;31m[Kerror: [m[Kâ€˜[01m[Knode[m[Kâ€™ was not declared in this scope; did you mean â€˜[01m[KNode[m[Kâ€™?
   10 |     rclcpp::spin([01;31m[Knode[m[K);
      |                  [01;31m[K^~~~[m[K
      |                  [32m[KNode[m[K
gmake[2]: *** [CMakeFiles/my_oop_node.dir/build.make:76: CMakeFiles/my_oop_node.dir/src/my_oop_node.cpp.o] Error 1
gmake[1]: *** [CMakeFiles/Makefile2:165: CMakeFiles/my_oop_node.dir/all] Error 2
gmake: *** [Makefile:146: all] Error 2
