[0.007s] Invoking command in '/home/furkan/tutorial/ros2/build/cpp_node': CMAKE_PREFIX_PATH=/opt/ros/humble /usr/bin/cmake --build /home/furkan/tutorial/ros2/build/cpp_node -- -j12 -l12
[0.034s] [35m[1mConsolidate compiler generated dependencies of target my_oop_node[0m
[0.034s] [35m[1mConsolidate compiler generated dependencies of target my_node[0m
[0.047s] [ 50%] [32mBuilding CXX object CMakeFiles/my_oop_node.dir/src/my_oop_node.cpp.o[0m
[0.047s] [ 75%] Built target my_node
[1.749s] [01m[K/home/furkan/tutorial/ros2/src/cpp_node/src/my_oop_node.cpp:[m[K In constructor â€˜[01m[KMyNode::MyNode()[m[Kâ€™:
[1.749s] [01m[K/home/furkan/tutorial/ros2/src/cpp_node/src/my_oop_node.cpp:10:18:[m[K [01;31m[Kerror: [m[Kâ€˜[01m[Knode[m[Kâ€™ was not declared in this scope; did you mean â€˜[01m[KNode[m[Kâ€™?
[1.749s]    10 |     rclcpp::spin([01;31m[Knode[m[K);
[1.749s]       |                  [01;31m[K^~~~[m[K
[1.749s]       |                  [32m[KNode[m[K
[2.082s] gmake[2]: *** [CMakeFiles/my_oop_node.dir/build.make:76: CMakeFiles/my_oop_node.dir/src/my_oop_node.cpp.o] Error 1
[2.082s] gmake[1]: *** [CMakeFiles/Makefile2:165: CMakeFiles/my_oop_node.dir/all] Error 2
[2.083s] gmake: *** [Makefile:146: all] Error 2
[2.084s] Invoked command in '/home/furkan/tutorial/ros2/build/cpp_node' returned '2': CMAKE_PREFIX_PATH=/opt/ros/humble /usr/bin/cmake --build /home/furkan/tutorial/ros2/build/cpp_node -- -j12 -l12
