[0.008s] Invoking command in '/home/furkan/tutorial/ros2/build/cpp_node': CMAKE_PREFIX_PATH=/opt/ros/humble /usr/bin/cmake --build /home/furkan/tutorial/ros2/build/cpp_node -- -j12 -l12
[0.036s] [35m[1mConsolidate compiler generated dependencies of target my_oop_node[0m
[0.040s] [35m[1mConsolidate compiler generated dependencies of target my_node[0m
[0.048s] [ 25%] [32mBuilding CXX object CMakeFiles/my_oop_node.dir/src/my_oop_node.cpp.o[0m
[0.052s] [ 50%] [32mBuilding CXX object CMakeFiles/my_node.dir/src/my_node.cpp.o[0m
[1.864s] [01m[K/home/furkan/tutorial/ros2/src/cpp_node/src/my_oop_node.cpp:[m[K In constructor â€˜[01m[KMyNode::MyNode()[m[Kâ€™:
[1.864s] [01m[K/home/furkan/tutorial/ros2/src/cpp_node/src/my_oop_node.cpp:10:22:[m[K [01;31m[Kerror: [m[Kexpected primary-expression before â€˜[01m[K)[m[Kâ€™ token
[1.864s]    10 |     rclcpp::spin(Node[01;31m[K)[m[K;
[1.864s]       |                      [01;31m[K^[m[K
[2.210s] gmake[2]: *** [CMakeFiles/my_oop_node.dir/build.make:76: CMakeFiles/my_oop_node.dir/src/my_oop_node.cpp.o] Error 1
[2.210s] gmake[1]: *** [CMakeFiles/Makefile2:165: CMakeFiles/my_oop_node.dir/all] Error 2
[2.210s] gmake[1]: *** Waiting for unfinished jobs....
[3.104s] [ 75%] [32m[1mLinking CXX executable my_node[0m
[3.533s] [ 75%] Built target my_node
[3.534s] gmake: *** [Makefile:146: all] Error 2
[3.536s] Invoked command in '/home/furkan/tutorial/ros2/build/cpp_node' returned '2': CMAKE_PREFIX_PATH=/opt/ros/humble /usr/bin/cmake --build /home/furkan/tutorial/ros2/build/cpp_node -- -j12 -l12
