[0.007s] Invoking command in '/home/furkan/tutorial/ros2/build/cpp_node': CMAKE_PREFIX_PATH=/opt/ros/humble /usr/bin/cmake /home/furkan/tutorial/ros2/src/cpp_node -DCMAKE_INSTALL_PREFIX=/home/furkan/tutorial/ros2/install/cpp_node
[0.015s] -- Found ament_cmake: 1.3.8 (/opt/ros/humble/share/ament_cmake/cmake)
[0.102s] -- Found rclcpp: 16.0.8 (/opt/ros/humble/share/rclcpp/cmake)
[0.123s] -- Found rosidl_generator_c: 3.1.5 (/opt/ros/humble/share/rosidl_generator_c/cmake)
[0.124s] -- Found rosidl_adapter: 3.1.5 (/opt/ros/humble/share/rosidl_adapter/cmake)
[0.129s] -- Found rosidl_generator_cpp: 3.1.5 (/opt/ros/humble/share/rosidl_generator_cpp/cmake)
[0.137s] -- Using all available rosidl_typesupport_c: rosidl_typesupport_fastrtps_c;rosidl_typesupport_introspection_c
[0.150s] -- Using all available rosidl_typesupport_cpp: rosidl_typesupport_fastrtps_cpp;rosidl_typesupport_introspection_cpp
[0.196s] -- Found rmw_implementation_cmake: 6.1.1 (/opt/ros/humble/share/rmw_implementation_cmake/cmake)
[0.197s] -- Found rmw_fastrtps_cpp: 6.2.6 (/opt/ros/humble/share/rmw_fastrtps_cpp/cmake)
[0.286s] -- Using RMW implementation 'rmw_fastrtps_cpp' as default
[0.416s] -- Found ament_lint_auto: 0.12.10 (/opt/ros/humble/share/ament_lint_auto/cmake)
[0.464s] -- Added test 'cppcheck' to perform static code analysis on C / C++ code
[0.465s] -- Configured cppcheck include dirs: /home/furkan/tutorial/ros2/src/cpp_node/include
[0.465s] -- Configured cppcheck exclude dirs and/or files: 
[0.465s] -- Added test 'lint_cmake' to check CMake code style
[0.465s] -- Added test 'uncrustify' to check C / C++ code style
[0.465s] -- Configured uncrustify additional arguments: 
[0.466s] -- Added test 'xmllint' to check XML markup files
[0.466s] -- Configuring done
[0.473s] -- Generating done
[0.474s] -- Build files have been written to: /home/furkan/tutorial/ros2/build/cpp_node
[0.480s] Invoked command in '/home/furkan/tutorial/ros2/build/cpp_node' returned '0': CMAKE_PREFIX_PATH=/opt/ros/humble /usr/bin/cmake /home/furkan/tutorial/ros2/src/cpp_node -DCMAKE_INSTALL_PREFIX=/home/furkan/tutorial/ros2/install/cpp_node
[0.482s] Invoking command in '/home/furkan/tutorial/ros2/build/cpp_node': CMAKE_PREFIX_PATH=/opt/ros/humble /usr/bin/cmake --build /home/furkan/tutorial/ros2/build/cpp_node -- -j12 -l12
[0.514s] [ 50%] [32mBuilding CXX object CMakeFiles/my_node.dir/src/my_node.cpp.o[0m
[0.514s] [ 50%] [32mBuilding CXX object CMakeFiles/my_oop_node.dir/src/my_oop_node.cpp.o[0m
[2.850s] [01m[K/home/furkan/tutorial/ros2/src/cpp_node/src/my_node.cpp:[m[K In function â€˜[01m[Kint main(int, char**)[m[Kâ€™:
[2.850s] [01m[K/home/furkan/tutorial/ros2/src/cpp_node/src/my_node.cpp:7:23:[m[K [01;31m[Kerror: [m[Kâ€˜[01m[Kargv[m[Kâ€™ was not declared in this scope; did you mean â€˜[01m[Kargc[m[Kâ€™?
[2.850s]     7 |     rclcpp::init(argc,[01;31m[Kargv[m[K);
[2.850s]       |                       [01;31m[K^~~~[m[K
[2.850s]       |                       [32m[Kargc[m[K
[2.852s] [01m[K/home/furkan/tutorial/ros2/src/cpp_node/src/my_node.cpp:5:27:[m[K [01;35m[Kwarning: [m[Kunused parameter â€˜[01m[Kargs[m[Kâ€™ [[01;35m[K]8;;https://gcc.gnu.org/onlinedocs/gcc/Warning-Options.html#index-Wunused-parameter-Wunused-parameter]8;;[m[K]
[2.852s]     5 | int main(int argc, [01;35m[Kchar** args[m[K)
[2.852s]       |                    [01;35m[K~~~~~~~^~~~[m[K
[2.853s] [01m[K/home/furkan/tutorial/ros2/src/cpp_node/src/my_oop_node.cpp:[m[K In constructor â€˜[01m[KMyNode::MyNode()[m[Kâ€™:
[2.853s] [01m[K/home/furkan/tutorial/ros2/src/cpp_node/src/my_oop_node.cpp:10:18:[m[K [01;31m[Kerror: [m[Kâ€˜[01m[Knode[m[Kâ€™ was not declared in this scope; did you mean â€˜[01m[KNode[m[Kâ€™?
[2.853s]    10 |     rclcpp::spin([01;31m[Knode[m[K);
[2.853s]       |                  [01;31m[K^~~~[m[K
[2.853s]       |                  [32m[KNode[m[K
[3.201s] gmake[2]: *** [CMakeFiles/my_oop_node.dir/build.make:76: CMakeFiles/my_oop_node.dir/src/my_oop_node.cpp.o] Error 1
[3.201s] gmake[1]: *** [CMakeFiles/Makefile2:165: CMakeFiles/my_oop_node.dir/all] Error 2
[3.201s] gmake[1]: *** Waiting for unfinished jobs....
[3.203s] gmake[2]: *** [CMakeFiles/my_node.dir/build.make:76: CMakeFiles/my_node.dir/src/my_node.cpp.o] Error 1
[3.203s] gmake[1]: *** [CMakeFiles/Makefile2:139: CMakeFiles/my_node.dir/all] Error 2
[3.203s] gmake: *** [Makefile:146: all] Error 2
[3.205s] Invoked command in '/home/furkan/tutorial/ros2/build/cpp_node' returned '2': CMAKE_PREFIX_PATH=/opt/ros/humble /usr/bin/cmake --build /home/furkan/tutorial/ros2/build/cpp_node -- -j12 -l12
