[35m[1mConsolidate compiler generated dependencies of target my_node[0m
[35m[1mConsolidate compiler generated dependencies of target my_oop_node[0m
[ 50%] [32mBuilding CXX object CMakeFiles/my_oop_node.dir/src/my_oop_node.cpp.o[0m
[ 50%] [32mBuilding CXX object CMakeFiles/my_node.dir/src/my_node.cpp.o[0m
[01m[K/home/furkan/tutorial/ros2/src/cpp_node/src/my_oop_node.cpp:[m[K In constructor â€˜[01m[KMyNode::MyNode()[m[Kâ€™:
[01m[K/home/furkan/tutorial/ros2/src/cpp_node/src/my_oop_node.cpp:10:22:[m[K [01;31m[Kerror: [m[Kexpected primary-expression before â€˜[01m[K)[m[Kâ€™ token
   10 |     rclcpp::spin(Node[01;31m[K)[m[K;
      |                      [01;31m[K^[m[K
[01m[K/home/furkan/tutorial/ros2/src/cpp_node/src/my_node.cpp:[m[K In function â€˜[01m[Kint main(int, char**)[m[Kâ€™:
[01m[K/home/furkan/tutorial/ros2/src/cpp_node/src/my_node.cpp:7:23:[m[K [01;31m[Kerror: [m[Kâ€˜[01m[Kargv[m[Kâ€™ was not declared in this scope; did you mean â€˜[01m[Kargc[m[Kâ€™?
    7 |     rclcpp::init(argc,[01;31m[Kargv[m[K);
      |                       [01;31m[K^~~~[m[K
      |                       [32m[Kargc[m[K
[01m[K/home/furkan/tutorial/ros2/src/cpp_node/src/my_node.cpp:5:27:[m[K [01;35m[Kwarning: [m[Kunused parameter â€˜[01m[Kargs[m[Kâ€™ [[01;35m[K]8;;https://gcc.gnu.org/onlinedocs/gcc/Warning-Options.html#index-Wunused-parameter-Wunused-parameter]8;;[m[K]
    5 | int main(int argc, [01;35m[Kchar** args[m[K)
      |                    [01;35m[K~~~~~~~^~~~[m[K
gmake[2]: *** [CMakeFiles/my_oop_node.dir/build.make:76: CMakeFiles/my_oop_node.dir/src/my_oop_node.cpp.o] Error 1
gmake[1]: *** [CMakeFiles/Makefile2:165: CMakeFiles/my_oop_node.dir/all] Error 2
gmake[1]: *** Waiting for unfinished jobs....
gmake[2]: *** [CMakeFiles/my_node.dir/build.make:76: CMakeFiles/my_node.dir/src/my_node.cpp.o] Error 1
gmake[1]: *** [CMakeFiles/Makefile2:139: CMakeFiles/my_node.dir/all] Error 2
gmake: *** [Makefile:146: all] Error 2
